2018-08-06 11:52:21  [ DEBUG ]  [ method:org.springframework.aop.framework.CglibAopProxy.getProxy(CglibAopProxy.java:157) ]  Creating CGLIB proxy: target source is SingletonTargetSource for target object [com.honliv.hp.it.aop.ArithmeticCalculatorImplXml@1167fb7]
2018-08-06 11:52:21  [ WARN ]  [ method:org.springframework.aop.framework.CglibAopProxy.doValidateClass(CglibAopProxy.java:265) ]  Unable to proxy interface-implementing method [public final int com.honliv.hp.it.aop.ArithmeticCalculatorImplXml.sub(int,int)] because it is marked as final: Consider using interface-based JDK proxies instead!
2018-08-06 11:52:21  [ INFO ]  [ method:org.springframework.aop.framework.CglibAopProxy.doValidateClass(CglibAopProxy.java:268) ]  Final method [public final int com.honliv.hp.it.aop.ArithmeticCalculatorImplXml.sub(int,int)] cannot get proxied via CGLIB: Calls to this method will NOT be routed to the target instance and might lead to NPEs against uninitialized fields in the proxy instance.
2018-08-06 11:52:21  [ DEBUG ]  [ method:org.springframework.aop.framework.CglibAopProxy$ProxyCallbackFilter.accept(CglibAopProxy.java:851) ]  Unable to apply any optimizations to advised method: public int com.honliv.hp.it.aop.ArithmeticCalculatorImplXml.add(int,int)
2018-08-06 11:52:21  [ DEBUG ]  [ method:org.springframework.aop.framework.CglibAopProxy$ProxyCallbackFilter.accept(CglibAopProxy.java:851) ]  Unable to apply any optimizations to advised method: public int com.honliv.hp.it.aop.ArithmeticCalculatorImplXml.div(int,int)
2018-08-06 11:52:21  [ DEBUG ]  [ method:org.springframework.aop.framework.CglibAopProxy$ProxyCallbackFilter.accept(CglibAopProxy.java:815) ]  Found 'equals' method: public boolean java.lang.Object.equals(java.lang.Object)
2018-08-06 11:52:21  [ DEBUG ]  [ method:org.springframework.aop.framework.CglibAopProxy$ProxyCallbackFilter.accept(CglibAopProxy.java:851) ]  Unable to apply any optimizations to advised method: public java.lang.String java.lang.Object.toString()
2018-08-06 11:52:21  [ DEBUG ]  [ method:org.springframework.aop.framework.CglibAopProxy$ProxyCallbackFilter.accept(CglibAopProxy.java:820) ]  Found 'hashCode' method: public native int java.lang.Object.hashCode()
2018-08-06 11:52:21  [ DEBUG ]  [ method:org.springframework.aop.framework.CglibAopProxy$ProxyCallbackFilter.accept(CglibAopProxy.java:851) ]  Unable to apply any optimizations to advised method: protected native java.lang.Object java.lang.Object.clone() throws java.lang.CloneNotSupportedException
2018-08-06 11:52:21  [ DEBUG ]  [ method:org.springframework.aop.framework.CglibAopProxy$ProxyCallbackFilter.accept(CglibAopProxy.java:809) ]  Method is declared on Advised interface: public abstract int org.springframework.aop.framework.Advised.indexOf(org.springframework.aop.Advisor)
2018-08-06 11:52:21  [ DEBUG ]  [ method:org.springframework.aop.framework.CglibAopProxy$ProxyCallbackFilter.accept(CglibAopProxy.java:809) ]  Method is declared on Advised interface: public abstract int org.springframework.aop.framework.Advised.indexOf(org.aopalliance.aop.Advice)
2018-08-06 11:52:21  [ DEBUG ]  [ method:org.springframework.aop.framework.CglibAopProxy$ProxyCallbackFilter.accept(CglibAopProxy.java:809) ]  Method is declared on Advised interface: public abstract boolean org.springframework.aop.framework.Advised.isFrozen()
2018-08-06 11:52:21  [ DEBUG ]  [ method:org.springframework.aop.framework.CglibAopProxy$ProxyCallbackFilter.accept(CglibAopProxy.java:809) ]  Method is declared on Advised interface: public abstract void org.springframework.aop.framework.Advised.addAdvice(org.aopalliance.aop.Advice) throws org.springframework.aop.framework.AopConfigException
2018-08-06 11:52:21  [ DEBUG ]  [ method:org.springframework.aop.framework.CglibAopProxy$ProxyCallbackFilter.accept(CglibAopProxy.java:809) ]  Method is declared on Advised interface: public abstract void org.springframework.aop.framework.Advised.addAdvice(int,org.aopalliance.aop.Advice) throws org.springframework.aop.framework.AopConfigException
2018-08-06 11:52:21  [ DEBUG ]  [ method:org.springframework.aop.framework.CglibAopProxy$ProxyCallbackFilter.accept(CglibAopProxy.java:809) ]  Method is declared on Advised interface: public abstract org.springframework.aop.Advisor[] org.springframework.aop.framework.Advised.getAdvisors()
2018-08-06 11:52:21  [ DEBUG ]  [ method:org.springframework.aop.framework.CglibAopProxy$ProxyCallbackFilter.accept(CglibAopProxy.java:809) ]  Method is declared on Advised interface: public abstract void org.springframework.aop.framework.Advised.addAdvisor(org.springframework.aop.Advisor) throws org.springframework.aop.framework.AopConfigException
2018-08-06 11:52:21  [ DEBUG ]  [ method:org.springframework.aop.framework.CglibAopProxy$ProxyCallbackFilter.accept(CglibAopProxy.java:809) ]  Method is declared on Advised interface: public abstract void org.springframework.aop.framework.Advised.addAdvisor(int,org.springframework.aop.Advisor) throws org.springframework.aop.framework.AopConfigException
2018-08-06 11:52:21  [ DEBUG ]  [ method:org.springframework.aop.framework.CglibAopProxy$ProxyCallbackFilter.accept(CglibAopProxy.java:809) ]  Method is declared on Advised interface: public abstract void org.springframework.aop.framework.Advised.removeAdvisor(int) throws org.springframework.aop.framework.AopConfigException
2018-08-06 11:52:21  [ DEBUG ]  [ method:org.springframework.aop.framework.CglibAopProxy$ProxyCallbackFilter.accept(CglibAopProxy.java:809) ]  Method is declared on Advised interface: public abstract boolean org.springframework.aop.framework.Advised.removeAdvisor(org.springframework.aop.Advisor)
2018-08-06 11:52:21  [ DEBUG ]  [ method:org.springframework.aop.framework.CglibAopProxy$ProxyCallbackFilter.accept(CglibAopProxy.java:809) ]  Method is declared on Advised interface: public abstract boolean org.springframework.aop.framework.Advised.replaceAdvisor(org.springframework.aop.Advisor,org.springframework.aop.Advisor) throws org.springframework.aop.framework.AopConfigException
2018-08-06 11:52:21  [ DEBUG ]  [ method:org.springframework.aop.framework.CglibAopProxy$ProxyCallbackFilter.accept(CglibAopProxy.java:809) ]  Method is declared on Advised interface: public abstract boolean org.springframework.aop.framework.Advised.isPreFiltered()
2018-08-06 11:52:21  [ DEBUG ]  [ method:org.springframework.aop.framework.CglibAopProxy$ProxyCallbackFilter.accept(CglibAopProxy.java:809) ]  Method is declared on Advised interface: public abstract boolean org.springframework.aop.framework.Advised.removeAdvice(org.aopalliance.aop.Advice)
2018-08-06 11:52:21  [ DEBUG ]  [ method:org.springframework.aop.framework.CglibAopProxy$ProxyCallbackFilter.accept(CglibAopProxy.java:809) ]  Method is declared on Advised interface: public abstract void org.springframework.aop.framework.Advised.setPreFiltered(boolean)
2018-08-06 11:52:21  [ DEBUG ]  [ method:org.springframework.aop.framework.CglibAopProxy$ProxyCallbackFilter.accept(CglibAopProxy.java:809) ]  Method is declared on Advised interface: public abstract void org.springframework.aop.framework.Advised.setTargetSource(org.springframework.aop.TargetSource)
2018-08-06 11:52:21  [ DEBUG ]  [ method:org.springframework.aop.framework.CglibAopProxy$ProxyCallbackFilter.accept(CglibAopProxy.java:809) ]  Method is declared on Advised interface: public abstract org.springframework.aop.TargetSource org.springframework.aop.framework.Advised.getTargetSource()
2018-08-06 11:52:21  [ DEBUG ]  [ method:org.springframework.aop.framework.CglibAopProxy$ProxyCallbackFilter.accept(CglibAopProxy.java:809) ]  Method is declared on Advised interface: public abstract boolean org.springframework.aop.framework.Advised.isExposeProxy()
2018-08-06 11:52:21  [ DEBUG ]  [ method:org.springframework.aop.framework.CglibAopProxy$ProxyCallbackFilter.accept(CglibAopProxy.java:809) ]  Method is declared on Advised interface: public abstract void org.springframework.aop.framework.Advised.setExposeProxy(boolean)
2018-08-06 11:52:21  [ DEBUG ]  [ method:org.springframework.aop.framework.CglibAopProxy$ProxyCallbackFilter.accept(CglibAopProxy.java:809) ]  Method is declared on Advised interface: public abstract boolean org.springframework.aop.framework.Advised.isProxyTargetClass()
2018-08-06 11:52:21  [ DEBUG ]  [ method:org.springframework.aop.framework.CglibAopProxy$ProxyCallbackFilter.accept(CglibAopProxy.java:809) ]  Method is declared on Advised interface: public abstract java.lang.String org.springframework.aop.framework.Advised.toProxyConfigString()
2018-08-06 11:52:21  [ DEBUG ]  [ method:org.springframework.aop.framework.CglibAopProxy$ProxyCallbackFilter.accept(CglibAopProxy.java:809) ]  Method is declared on Advised interface: public abstract boolean org.springframework.aop.framework.Advised.isInterfaceProxied(java.lang.Class)
2018-08-06 11:52:21  [ DEBUG ]  [ method:org.springframework.aop.framework.CglibAopProxy$ProxyCallbackFilter.accept(CglibAopProxy.java:809) ]  Method is declared on Advised interface: public abstract java.lang.Class[] org.springframework.aop.framework.Advised.getProxiedInterfaces()
2018-08-06 11:52:21  [ DEBUG ]  [ method:org.springframework.aop.framework.CglibAopProxy$ProxyCallbackFilter.accept(CglibAopProxy.java:809) ]  Method is declared on Advised interface: public abstract java.lang.Class org.springframework.aop.TargetClassAware.getTargetClass()
